<?xml version="1.0" encoding="UTF-8"?>
<!-- Generated by org.testng.reporters.JUnitXMLReporter -->
<testsuite ignored="10" hostname="DESKTOP-B371L1B" failures="3" tests="68" name="ChromeTest" time="582.486" errors="0" timestamp="2024-05-18T16:50:00 IST">
  <testcase classname="TestClass.checkOutPageTest" name="@BeforeClass openWebsite" time="55.385">
    <failure type="org.openqa.selenium.NoSuchElementException" message="no such element: Unable to locate element: {&amp;quot;method&amp;quot;:&amp;quot;xpath&amp;quot;,&amp;quot;selector&amp;quot;:&amp;quot;(//select[@id=&amp;apos;checkout_attribute_1&amp;apos;])[1]&amp;quot;}
  (Session info: chrome=125.0.6422.61)
For documentation on this error, please visit: https://www.seleniumhq.org/exceptions/no_such_element.html
Build info: version: &amp;apos;3.141.59&amp;apos;, revision: &amp;apos;e82be7d358&amp;apos;, time: &amp;apos;2018-11-14T08:17:03&amp;apos;
System info: host: &amp;apos;DESKTOP-B371L1B&amp;apos;, ip: &amp;apos;192.168.245.2&amp;apos;, os.name: &amp;apos;Windows 10&amp;apos;, os.arch: &amp;apos;amd64&amp;apos;, os.version: &amp;apos;10.0&amp;apos;, java.version: &amp;apos;14.0.2&amp;apos;
Driver info: org.openqa.selenium.chrome.ChromeDriver
Capabilities {acceptInsecureCerts: false, browserName: chrome, browserVersion: 125.0.6422.61, chrome: {chromedriverVersion: 124.0.6367.201 (46cf136d27d..., userDataDir: C:\Users\zaibu\AppData\Loca...}, fedcm:accounts: true, goog:chromeOptions: {debuggerAddress: localhost:61256}, javascriptEnabled: true, networkConnectionEnabled: false, pageLoadStrategy: normal, platform: WINDOWS, platformName: WINDOWS, proxy: Proxy(), setWindowRect: true, strictFileInteractability: false, timeouts: {implicit: 0, pageLoad: 300000, script: 30000}, unhandledPromptBehavior: dismiss and notify, webauthn:extension:credBlob: true, webauthn:extension:largeBlob: true, webauthn:extension:minPinLength: true, webauthn:extension:prf: true, webauthn:virtualAuthenticators: true}
Session ID: d6e70ccedb155d8d831cc50bd3020433
*** Element info: {Using=xpath, value=(//select[@id=&amp;apos;checkout_attribute_1&amp;apos;])[1]}">
      <![CDATA[org.openqa.selenium.NoSuchElementException: no such element: Unable to locate element: {"method":"xpath","selector":"(//select[@id='checkout_attribute_1'])[1]"}
  (Session info: chrome=125.0.6422.61)
For documentation on this error, please visit: https://www.seleniumhq.org/exceptions/no_such_element.html
Build info: version: '3.141.59', revision: 'e82be7d358', time: '2018-11-14T08:17:03'
System info: host: 'DESKTOP-B371L1B', ip: '192.168.245.2', os.name: 'Windows 10', os.arch: 'amd64', os.version: '10.0', java.version: '14.0.2'
Driver info: org.openqa.selenium.chrome.ChromeDriver
Capabilities {acceptInsecureCerts: false, browserName: chrome, browserVersion: 125.0.6422.61, chrome: {chromedriverVersion: 124.0.6367.201 (46cf136d27d..., userDataDir: C:\Users\zaibu\AppData\Loca...}, fedcm:accounts: true, goog:chromeOptions: {debuggerAddress: localhost:61256}, javascriptEnabled: true, networkConnectionEnabled: false, pageLoadStrategy: normal, platform: WINDOWS, platformName: WINDOWS, proxy: Proxy(), setWindowRect: true, strictFileInteractability: false, timeouts: {implicit: 0, pageLoad: 300000, script: 30000}, unhandledPromptBehavior: dismiss and notify, webauthn:extension:credBlob: true, webauthn:extension:largeBlob: true, webauthn:extension:minPinLength: true, webauthn:extension:prf: true, webauthn:virtualAuthenticators: true}
Session ID: d6e70ccedb155d8d831cc50bd3020433
*** Element info: {Using=xpath, value=(//select[@id='checkout_attribute_1'])[1]}
at org.openqa.selenium.remote.http.W3CHttpResponseCodec.createException(W3CHttpResponseCodec.java:187)
at org.openqa.selenium.remote.http.W3CHttpResponseCodec.decode(W3CHttpResponseCodec.java:122)
at org.openqa.selenium.remote.http.W3CHttpResponseCodec.decode(W3CHttpResponseCodec.java:49)
at org.openqa.selenium.remote.HttpCommandExecutor.execute(HttpCommandExecutor.java:158)
at org.openqa.selenium.remote.service.DriverCommandExecutor.execute(DriverCommandExecutor.java:83)
at org.openqa.selenium.remote.RemoteWebDriver.execute(RemoteWebDriver.java:552)
at org.openqa.selenium.remote.RemoteWebDriver.findElement(RemoteWebDriver.java:323)
at org.openqa.selenium.remote.RemoteWebDriver.findElementByXPath(RemoteWebDriver.java:428)
at org.openqa.selenium.By$ByXPath.findElement(By.java:353)
at org.openqa.selenium.remote.RemoteWebDriver.findElement(RemoteWebDriver.java:315)
at org.openqa.selenium.support.pagefactory.DefaultElementLocator.findElement(DefaultElementLocator.java:69)
at org.openqa.selenium.support.pagefactory.internal.LocatingElementHandler.invoke(LocatingElementHandler.java:38)
at com.sun.proxy.$Proxy17.getWrappedElement(Unknown Source)
at org.openqa.selenium.remote.internal.WebElementToJsonConverter.apply(WebElementToJsonConverter.java:50)
at java.base/java.util.stream.ReferencePipeline$3$1.accept(ReferencePipeline.java:195)
at java.base/java.util.Spliterators$ArraySpliterator.forEachRemaining(Spliterators.java:948)
at java.base/java.util.stream.AbstractPipeline.copyInto(AbstractPipeline.java:484)
at java.base/java.util.stream.AbstractPipeline.wrapAndCopyInto(AbstractPipeline.java:474)
at java.base/java.util.stream.ReduceOps$ReduceOp.evaluateSequential(ReduceOps.java:913)
at java.base/java.util.stream.AbstractPipeline.evaluate(AbstractPipeline.java:234)
at java.base/java.util.stream.ReferencePipeline.collect(ReferencePipeline.java:578)
at org.openqa.selenium.remote.RemoteWebDriver.executeScript(RemoteWebDriver.java:484)
at com.actionDriver.Action.scrollElement(Action.java:29)
at TestClass.checkOutPageTest.openWebsite(checkOutPageTest.java:62)
at java.base/java.util.ArrayList.forEach(ArrayList.java:1511)
... Removed 30 stack frames]]>
    </failure>
  </testcase> <!-- @BeforeClass openWebsite -->
  <testcase classname="TestClass.IndexPageTest" name="ClickOnShoppingCartValidation" time="5.336"/>
  <testcase classname="TestClass.IndexPageTest" name="ClickOnWishListValidation" time="3.324"/>
  <testcase classname="TestClass.IndexPageTest" name="RegBtnClickValidate" time="6.86"/>
  <testcase classname="TestClass.IndexPageTest" name="RegBtnDisplayedValidate" time="0.151"/>
  <testcase classname="TestClass.IndexPageTest" name="Seachproduct" time="8.96"/>
  <testcase classname="TestClass.IndexPageTest" name="logInBtn" time="5.965"/>
  <testcase classname="TestClass.IndexPageTest" name="nopCommerceLogoDispValidate" time="0.179"/>
  <testcase classname="TestClass.IndexPageTest" name="TitleValidate" time="0.992"/>
  <testcase classname="TestClass.RegPageTest" name="RegTest" time="21.818"/>
  <testcase classname="TestClass.RegPageTest" name="RegTest" time="19.006"/>
  <testcase classname="TestClass.RegPageTest" name="RegTest" time="6.297"/>
  <testcase classname="TestClass.RegPageTest" name="RegTest" time="20.848"/>
  <testcase classname="TestClass.RegPageTest" name="RegTest" time="17.5"/>
  <testcase classname="TestClass.RegPageTest" name="RegTest" time="6.317"/>
  <testcase classname="TestClass.RegPageTest" name="RegTest" time="22.145"/>
  <testcase classname="TestClass.LoginTest" name="EmailFieldDisplayedValidation" time="0.084"/>
  <testcase classname="TestClass.LoginTest" name="LogInBtnDisplayValidtion" time="0.083"/>
  <testcase classname="TestClass.LoginTest" name="PasswordFieldDisplayedValidtion" time="0.042"/>
  <testcase classname="TestClass.LoginTest" name="loginTestValids" time="12.553"/>
  <testcase classname="TestClass.LoginTest" name="loginTestValids" time="5.504"/>
  <testcase classname="TestClass.LoginTest" name="loginTestValids" time="5.229"/>
  <testcase classname="TestClass.LoginTest" name="loginTestValids" time="5.358"/>
  <testcase classname="TestClass.AddProdcutPageTest" name="AddToCartValidation" time="8.353"/>
  <testcase classname="TestClass.AddProdcutPageTest" name="AddToWishListValidation" time="7.282"/>
  <testcase classname="TestClass.AddProdcutPageTest" name="EmailBtnClickValidation" time="8.163"/>
  <testcase classname="TestClass.AddProdcutPageTest" name="EnterTheQuantity" time="0.306"/>
  <testcase classname="TestClass.AddProdcutPageTest" name="SelectHDD320GBValidation" time="4.349"/>
  <testcase classname="TestClass.AddProdcutPageTest" name="SelectHDD400GBValidation" time="4.34"/>
  <testcase classname="TestClass.AddProdcutPageTest" name="SelectOsPremiumHomeValidation" time="4.321"/>
  <testcase classname="TestClass.AddProdcutPageTest" name="SelectOsVistaHomeValidation" time="4.409"/>
  <testcase classname="TestClass.AddProdcutPageTest" name="SelectProce22GHzValidation" time="2.672">
    <failure type="java.lang.AssertionError" message="expected [$1,315.00] but found [$1,300.00]">
      <![CDATA[java.lang.AssertionError: expected [$1,315.00] but found [$1,300.00]
at TestClass.AddProdcutPageTest.SelectProce22GHzValidation(AddProdcutPageTest.java:63)
at java.base/java.util.ArrayList.forEach(ArrayList.java:1511)
... Removed 33 stack frames]]>
    </failure>
  </testcase> <!-- SelectProce22GHzValidation -->
  <testcase classname="TestClass.AddProdcutPageTest" name="SelectProce25GHzValidation" time="2.615"/>
  <testcase classname="TestClass.AddProdcutPageTest" name="SelectRam2GBValidation" time="2.755"/>
  <testcase classname="TestClass.AddProdcutPageTest" name="SelectRam4GBValidation" time="5.657"/>
  <testcase classname="TestClass.AddProdcutPageTest" name="SelectRam8GBValidation" time="2.599"/>
  <testcase classname="TestClass.AddProdcutPageTest" name="SelectSofAcrobatReaderValidation" time="4.377">
    <failure type="java.lang.AssertionError" message="expected [$1,315.00] but found [$1,325.00]">
      <![CDATA[java.lang.AssertionError: expected [$1,315.00] but found [$1,325.00]
at TestClass.AddProdcutPageTest.SelectSofAcrobatReaderValidation(AddProdcutPageTest.java:259)
at java.base/java.util.ArrayList.forEach(ArrayList.java:1511)
... Removed 33 stack frames]]>
    </failure>
  </testcase> <!-- SelectSofAcrobatReaderValidation -->
  <testcase classname="TestClass.AddProdcutPageTest" name="SelectSofMicOfficeValidation" time="4.572"/>
  <testcase classname="TestClass.AddProdcutPageTest" name="SelectSofTotalComanderValidation" time="4.366"/>
  <testcase classname="TestClass.OrderPageTest" name="UnitPriceTest" time="0.083"/>
  <testcase classname="TestClass.OrderPageTest" name="testTheSeletedQty" time="0.044"/>
  <testcase classname="TestClass.OrderPageTest" name="subTotalPrice" time="0.04"/>
  <testcase classname="TestClass.OrderPageTest" name="giftWrapTest" time="5.558">
    <failure type="java.lang.AssertionError" message="expected [$2,890.00] but found [$2,880.00]">
      <![CDATA[java.lang.AssertionError: expected [$2,890.00] but found [$2,880.00]
at TestClass.OrderPageTest.giftWrapTest(OrderPageTest.java:79)
at java.base/java.util.ArrayList.forEach(ArrayList.java:1511)
... Removed 33 stack frames]]>
    </failure>
  </testcase> <!-- giftWrapTest -->
  <testcase classname="TestClass.OrderPageTest" name="TotalPrice" time="3.048"/>
  <testcase classname="TestClass.OrderPageTest" name="ClickOnAgreeTest" time="0.16"/>
  <testcase classname="TestClass.OrderPageTest" name="clickOnCheckOut" time="8.214"/>
  <testcase classname="TestClass.OrderPageTest" name="clickAsGuest" time="14.824"/>
  <testcase classname="TestClass.checkOutPageTest" name="RegTest" time="0.0">
    <skipped/>
  </testcase> <!-- RegTest -->
  <testcase classname="TestClass.checkOutPageTest" name="RegTest" time="0.0">
    <skipped/>
  </testcase> <!-- RegTest -->
  <testcase classname="TestClass.checkOutPageTest" name="ShipByLandTran" time="0.0">
    <skipped/>
  </testcase> <!-- ShipByLandTran -->
  <testcase classname="TestClass.checkOutPageTest" name="TheOneDayAirShipping" time="0.0">
    <skipped/>
  </testcase> <!-- TheOneDayAirShipping -->
  <testcase classname="TestClass.checkOutPageTest" name="TheTwoDayAirShipping" time="0.0">
    <skipped/>
  </testcase> <!-- TheTwoDayAirShipping -->
  <testcase classname="TestClass.checkOutPageTest" name="ContinueShipMethod" time="0.0">
    <skipped/>
  </testcase> <!-- ContinueShipMethod -->
  <testcase classname="TestClass.checkOutPageTest" name="payByMonyOrder" time="0.0">
    <skipped/>
  </testcase> <!-- payByMonyOrder -->
  <testcase classname="TestClass.checkOutPageTest" name="payByCreditOrDebit" time="0.0">
    <skipped/>
  </testcase> <!-- payByCreditOrDebit -->
  <testcase classname="TestClass.checkOutPageTest" name="clickOnPayMethodContinue" time="0.0">
    <skipped/>
  </testcase> <!-- clickOnPayMethodContinue -->
  <testcase classname="TestClass.checkOutPageTest" name="paymentInformVerifyStateAddress" time="0.0">
    <skipped/>
  </testcase> <!-- paymentInformVerifyStateAddress -->
  <testcase classname="TestClass.checkOutPageTest" name="paymentInformVerifyCity" time="0.0">
    <skipped/>
  </testcase> <!-- paymentInformVerifyCity -->
  <testcase classname="TestClass.checkOutPageTest" name="ClickOnContinuePaymentInform" time="0.0">
    <skipped/>
  </testcase> <!-- ClickOnContinuePaymentInform -->
  <testcase classname="TestClass.checkOutPageTest" name="VerifyConfirmOrderBackBtn" time="0.0">
    <skipped/>
  </testcase> <!-- VerifyConfirmOrderBackBtn -->
  <testcase classname="TestClass.checkOutPageTest" name="VerifyBillingAdress" time="0.0">
    <skipped/>
  </testcase> <!-- VerifyBillingAdress -->
  <testcase classname="TestClass.checkOutPageTest" name="VerifyShippingAdress" time="0.0">
    <skipped/>
  </testcase> <!-- VerifyShippingAdress -->
  <testcase classname="TestClass.checkOutPageTest" name="VerifyTheUnitPrice" time="0.0">
    <skipped/>
  </testcase> <!-- VerifyTheUnitPrice -->
  <testcase classname="TestClass.checkOutPageTest" name="VerrifyTheQuntity" time="0.0">
    <skipped/>
  </testcase> <!-- VerrifyTheQuntity -->
  <testcase classname="TestClass.checkOutPageTest" name="VerifyTheTotalPriceInTable" time="0.0">
    <skipped/>
  </testcase> <!-- VerifyTheTotalPriceInTable -->
  <testcase classname="TestClass.checkOutPageTest" name="VerifyTheTotalPriceInSlip" time="0.0">
    <skipped/>
  </testcase> <!-- VerifyTheTotalPriceInSlip -->
  <testcase classname="TestClass.checkOutPageTest" name="ClickOnConfirmBtn" time="0.0">
    <skipped/>
  </testcase> <!-- ClickOnConfirmBtn -->
  <testcase classname="TestClass.checkOutPageTest" name="ClickOnContinue" time="0.0">
    <skipped/>
  </testcase> <!-- ClickOnContinue -->
  <testcase classname="DataBaseIntegrationTesting.DataBaseTestingClass" name="datatest" time="0.868"/>
  <testcase classname="com.base.BaseClass1" name="@AfterTest closeBrowser" time="0.0">
    <ignored/>
  </testcase> <!-- @AfterTest closeBrowser -->
  <testcase classname="com.base.BaseClass1" name="@AfterTest closeBrowser" time="0.0">
    <ignored/>
  </testcase> <!-- @AfterTest closeBrowser -->
  <testcase classname="com.base.BaseClass1" name="@AfterTest closeBrowser" time="0.0">
    <ignored/>
  </testcase> <!-- @AfterTest closeBrowser -->
  <testcase classname="com.base.BaseClass1" name="@AfterTest closeBrowser" time="0.0">
    <ignored/>
  </testcase> <!-- @AfterTest closeBrowser -->
  <testcase classname="com.base.BaseClass1" name="@AfterTest closeBrowser" time="0.0">
    <ignored/>
  </testcase> <!-- @AfterTest closeBrowser -->
  <testcase classname="com.base.BaseClass1" name="@BeforeTest setup" time="0.0">
    <ignored/>
  </testcase> <!-- @BeforeTest setup -->
  <testcase classname="com.base.BaseClass1" name="@BeforeTest setup" time="0.0">
    <ignored/>
  </testcase> <!-- @BeforeTest setup -->
  <testcase classname="com.base.BaseClass1" name="@BeforeTest setup" time="0.0">
    <ignored/>
  </testcase> <!-- @BeforeTest setup -->
  <testcase classname="com.base.BaseClass1" name="@BeforeTest setup" time="0.0">
    <ignored/>
  </testcase> <!-- @BeforeTest setup -->
  <testcase classname="com.base.BaseClass1" name="@BeforeTest setup" time="0.0">
    <ignored/>
  </testcase> <!-- @BeforeTest setup -->
</testsuite> <!-- ChromeTest -->
