<?xml version="1.0" encoding="UTF-8"?>
<!-- Generated by org.testng.reporters.JUnitXMLReporter -->
<testsuite ignored="0" hostname="DESKTOP-B371L1B" failures="0" tests="21" name="FireFoxTest" time="27.998" errors="0" timestamp="2024-05-14T17:37:41 IST">
  <testcase classname="TestClass.checkOutPageTest" name="@BeforeClass openWebsite" time="17.396">
    <failure type="org.openqa.selenium.json.JsonException" message="java.lang.reflect.InvocationTargetException
Build info: version: &amp;apos;3.141.59&amp;apos;, revision: &amp;apos;e82be7d358&amp;apos;, time: &amp;apos;2018-11-14T08:17:03&amp;apos;
System info: host: &amp;apos;DESKTOP-B371L1B&amp;apos;, ip: &amp;apos;192.168.245.2&amp;apos;, os.name: &amp;apos;Windows 10&amp;apos;, os.arch: &amp;apos;amd64&amp;apos;, os.version: &amp;apos;10.0&amp;apos;, java.version: &amp;apos;14.0.2&amp;apos;
Driver info: driver.version: RemoteWebDriver">
      <![CDATA[org.openqa.selenium.json.JsonException: java.lang.reflect.InvocationTargetException
Build info: version: '3.141.59', revision: 'e82be7d358', time: '2018-11-14T08:17:03'
System info: host: 'DESKTOP-B371L1B', ip: '192.168.245.2', os.name: 'Windows 10', os.arch: 'amd64', os.version: '10.0', java.version: '14.0.2'
Driver info: driver.version: RemoteWebDriver
at org.openqa.selenium.json.JsonOutput.convertUsingMethod(JsonOutput.java:332)
at org.openqa.selenium.json.JsonOutput.lambda$new$16(JsonOutput.java:155)
at org.openqa.selenium.json.JsonOutput.write(JsonOutput.java:264)
at org.openqa.selenium.json.JsonOutput.lambda$null$21(JsonOutput.java:168)
at java.base/java.util.LinkedHashMap$LinkedValues.forEach(LinkedHashMap.java:647)
at org.openqa.selenium.json.JsonOutput.lambda$new$22(JsonOutput.java:168)
at org.openqa.selenium.json.JsonOutput.write(JsonOutput.java:264)
at org.openqa.selenium.json.JsonOutput.lambda$null$23(JsonOutput.java:177)
at com.google.common.collect.SingletonImmutableBiMap.forEach(SingletonImmutableBiMap.java:65)
at org.openqa.selenium.json.JsonOutput.lambda$new$24(JsonOutput.java:176)
at org.openqa.selenium.json.JsonOutput.write(JsonOutput.java:264)
at org.openqa.selenium.json.JsonOutput.write(JsonOutput.java:255)
at org.openqa.selenium.json.Json.toJson(Json.java:42)
at org.openqa.selenium.remote.http.AbstractHttpCommandCodec.encode(AbstractHttpCommandCodec.java:227)
at org.openqa.selenium.remote.http.AbstractHttpCommandCodec.encode(AbstractHttpCommandCodec.java:117)
at org.openqa.selenium.remote.HttpCommandExecutor.execute(HttpCommandExecutor.java:152)
at org.openqa.selenium.remote.service.DriverCommandExecutor.execute(DriverCommandExecutor.java:83)
at org.openqa.selenium.remote.RemoteWebDriver.execute(RemoteWebDriver.java:552)
at org.openqa.selenium.remote.RemoteWebDriver.perform(RemoteWebDriver.java:618)
at org.openqa.selenium.interactions.Actions$BuiltAction.perform(Actions.java:639)
at com.actionDriver.Action.click(Action.java:115)
at com.pageObject.OrderPage.ClickOnAgree(OrderPage.java:55)
at TestClass.checkOutPageTest.openWebsite(checkOutPageTest.java:65)
at java.base/java.util.ArrayList.forEach(ArrayList.java:1511)
Suppressed: org.openqa.selenium.json.JsonException: Attempting to close incomplete json stream
Build info: version: '3.141.59', revision: 'e82be7d358', time: '2018-11-14T08:17:03'
System info: host: 'DESKTOP-B371L1B', ip: '192.168.245.2', os.name: 'Windows 10', os.arch: 'amd64', os.version: '10.0', java.version: '14.0.2'
Driver info: driver.version: RemoteWebDriver
at org.openqa.selenium.json.JsonOutput.close(JsonOutput.java:279)
at org.openqa.selenium.json.Json.toJson(Json.java:44)
... 36 more
at org.openqa.selenium.json.JsonOutput.convertUsingMethod(JsonOutput.java:328)
... 48 more
Caused by: org.openqa.selenium.NoSuchSessionException: Tried to run command without establishing a connection
Build info: version: '3.141.59', revision: 'e82be7d358', time: '2018-11-14T08:17:03'
System info: host: 'DESKTOP-B371L1B', ip: '192.168.245.2', os.name: 'Windows 10', os.arch: 'amd64', os.version: '10.0', java.version: '14.0.2'
Driver info: org.openqa.selenium.firefox.FirefoxDriver
Capabilities {acceptInsecureCerts: true, browserName: firefox, browserVersion: 125.0.3, javascriptEnabled: true, moz:accessibilityChecks: false, moz:buildID: 20240425211020, moz:geckodriverVersion: 0.34.0, moz:headless: false, moz:platformVersion: 10.0, moz:processID: 13960, moz:profile: C:\Users\zaibu\AppData\Loca..., moz:shutdownTimeout: 60000, moz:webdriverClick: true, moz:windowless: false, pageLoadStrategy: normal, platform: WINDOWS, platformName: WINDOWS, proxy: Proxy(), setWindowRect: true, strictFileInteractability: false, timeouts: {implicit: 0, pageLoad: 300000, script: 30000}, unhandledPromptBehavior: dismiss and notify, userAgent: Mozilla/5.0 (Windows NT 10....}
Session ID: 7a5fd4fe-bb4c-437e-9b32-7008ef94e4a2
*** Element info: {Using=xpath, value=//input[@id='termsofservice']}
at org.openqa.selenium.remote.http.W3CHttpResponseCodec.createException(W3CHttpResponseCodec.java:187)
at org.openqa.selenium.remote.http.W3CHttpResponseCodec.decode(W3CHttpResponseCodec.java:122)
at org.openqa.selenium.remote.http.W3CHttpResponseCodec.decode(W3CHttpResponseCodec.java:49)
at org.openqa.selenium.remote.HttpCommandExecutor.execute(HttpCommandExecutor.java:158)
at org.openqa.selenium.remote.service.DriverCommandExecutor.execute(DriverCommandExecutor.java:83)
at org.openqa.selenium.remote.RemoteWebDriver.execute(RemoteWebDriver.java:552)
at org.openqa.selenium.remote.RemoteWebDriver.findElement(RemoteWebDriver.java:323)
at org.openqa.selenium.remote.RemoteWebDriver.findElementByXPath(RemoteWebDriver.java:428)
at org.openqa.selenium.By$ByXPath.findElement(By.java:353)
at org.openqa.selenium.remote.RemoteWebDriver.findElement(RemoteWebDriver.java:315)
at org.openqa.selenium.support.pagefactory.DefaultElementLocator.findElement(DefaultElementLocator.java:69)
at org.openqa.selenium.support.pagefactory.internal.LocatingElementHandler.invoke(LocatingElementHandler.java:38)
at com.sun.proxy.$Proxy16.getWrappedElement(Unknown Source)
at org.openqa.selenium.interactions.PointerInput$Origin.asArg(PointerInput.java:204)
at org.openqa.selenium.interactions.PointerInput$Move.encode(PointerInput.java:155)
at org.openqa.selenium.interactions.Sequence.encode(Sequence.java:75)
at org.openqa.selenium.interactions.Sequence.toJson(Sequence.java:84)
... 53 more
... Removed 35 stack frames]]>
    </failure>
  </testcase> <!-- @BeforeClass openWebsite -->
  <testcase classname="com.base.BaseClass1" name="@AfterTest closeBrowser" time="-1.715688461161E9">
    <skipped/>
  </testcase> <!-- @AfterTest closeBrowser -->
  <testcase classname="TestClass.checkOutPageTest" name="RegTest" time="0.0">
    <skipped/>
  </testcase> <!-- RegTest -->
  <testcase classname="TestClass.checkOutPageTest" name="RegTest" time="0.0">
    <skipped/>
  </testcase> <!-- RegTest -->
  <testcase classname="TestClass.checkOutPageTest" name="ShipByLandTran" time="0.0">
    <skipped/>
  </testcase> <!-- ShipByLandTran -->
  <testcase classname="TestClass.checkOutPageTest" name="TheOneDayAirShipping" time="0.0">
    <skipped/>
  </testcase> <!-- TheOneDayAirShipping -->
  <testcase classname="TestClass.checkOutPageTest" name="TheTwoDayAirShipping" time="0.0">
    <skipped/>
  </testcase> <!-- TheTwoDayAirShipping -->
  <testcase classname="TestClass.checkOutPageTest" name="ContinueShipMethod" time="0.0">
    <skipped/>
  </testcase> <!-- ContinueShipMethod -->
  <testcase classname="TestClass.checkOutPageTest" name="payByMonyOrder" time="0.0">
    <skipped/>
  </testcase> <!-- payByMonyOrder -->
  <testcase classname="TestClass.checkOutPageTest" name="payByCreditOrDebit" time="0.0">
    <skipped/>
  </testcase> <!-- payByCreditOrDebit -->
  <testcase classname="TestClass.checkOutPageTest" name="clickOnPayMethodContinue" time="0.0">
    <skipped/>
  </testcase> <!-- clickOnPayMethodContinue -->
  <testcase classname="TestClass.checkOutPageTest" name="paymentInformVerifyStateAddress" time="0.0">
    <skipped/>
  </testcase> <!-- paymentInformVerifyStateAddress -->
  <testcase classname="TestClass.checkOutPageTest" name="paymentInformVerifyCity" time="0.0">
    <skipped/>
  </testcase> <!-- paymentInformVerifyCity -->
  <testcase classname="TestClass.checkOutPageTest" name="ClickOnContinuePaymentInform" time="0.0">
    <skipped/>
  </testcase> <!-- ClickOnContinuePaymentInform -->
  <testcase classname="TestClass.checkOutPageTest" name="VerifyConfirmOrderBackBtn" time="0.0">
    <skipped/>
  </testcase> <!-- VerifyConfirmOrderBackBtn -->
  <testcase classname="TestClass.checkOutPageTest" name="VerifyBillingAdress" time="0.0">
    <skipped/>
  </testcase> <!-- VerifyBillingAdress -->
  <testcase classname="TestClass.checkOutPageTest" name="VerifyShippingAdress" time="0.0">
    <skipped/>
  </testcase> <!-- VerifyShippingAdress -->
  <testcase classname="TestClass.checkOutPageTest" name="VerifyTheUnitPrice" time="0.0">
    <skipped/>
  </testcase> <!-- VerifyTheUnitPrice -->
  <testcase classname="TestClass.checkOutPageTest" name="VerrifyTheQuntity" time="0.0">
    <skipped/>
  </testcase> <!-- VerrifyTheQuntity -->
  <testcase classname="TestClass.checkOutPageTest" name="VerifyTheTotalPriceInTable" time="0.0">
    <skipped/>
  </testcase> <!-- VerifyTheTotalPriceInTable -->
  <testcase classname="TestClass.checkOutPageTest" name="VerifyTheTotalPriceInSlip" time="0.0">
    <skipped/>
  </testcase> <!-- VerifyTheTotalPriceInSlip -->
  <testcase classname="TestClass.checkOutPageTest" name="ClickOnConfirmBtn" time="0.0">
    <skipped/>
  </testcase> <!-- ClickOnConfirmBtn -->
  <testcase classname="TestClass.checkOutPageTest" name="ClickOnContinue" time="0.0">
    <skipped/>
  </testcase> <!-- ClickOnContinue -->
</testsuite> <!-- FireFoxTest -->
