<?xml version="1.0" encoding="UTF-8"?>
<!-- Generated by org.testng.reporters.JUnitReportReporter -->
<testsuite hostname="DESKTOP-B371L1B" failures="2" tests="16" name="TestClass.AddProdcutPageTest" time="252.057" errors="0" timestamp="2024-05-18T16:50:00 IST" skipped="0">
  <testcase classname="TestClass.AddProdcutPageTest" name="EmailBtnClickValidation" time="19.134"/>
  <system-out/>
  <testcase classname="TestClass.AddProdcutPageTest" name="SelectSofMicOfficeValidation" time="11.188"/>
  <system-out/>
  <testcase classname="TestClass.AddProdcutPageTest" name="SelectOsVistaHomeValidation" time="14.310"/>
  <system-out/>
  <testcase classname="TestClass.AddProdcutPageTest" name="AddToWishListValidation" time="16.006"/>
  <system-out/>
  <testcase classname="TestClass.AddProdcutPageTest" name="SelectRam4GBValidation" time="18.453"/>
  <system-out/>
  <testcase classname="TestClass.AddProdcutPageTest" name="SelectHDD400GBValidation" time="17.180"/>
  <system-out/>
  <testcase classname="TestClass.AddProdcutPageTest" name="SelectOsPremiumHomeValidation" time="14.951"/>
  <system-out/>
  <testcase classname="TestClass.AddProdcutPageTest" name="SelectProce25GHzValidation" time="13.905"/>
  <system-out/>
  <testcase classname="TestClass.AddProdcutPageTest" name="SelectRam2GBValidation" time="12.636"/>
  <system-out/>
  <testcase classname="TestClass.AddProdcutPageTest" name="SelectSofAcrobatReaderValidation" time="17.099">
    <failure message="expected [$1,315.00] but found [$1,325.00]" type="java.lang.AssertionError">
      <![CDATA[java.lang.AssertionError: expected [$1,315.00] but found [$1,325.00]
at org.testng.Assert.fail(Assert.java:99)
at org.testng.Assert.failNotEquals(Assert.java:1037)
at org.testng.Assert.assertEqualsImpl(Assert.java:140)
at org.testng.Assert.assertEquals(Assert.java:122)
at org.testng.Assert.assertEquals(Assert.java:629)
at org.testng.Assert.assertEquals(Assert.java:639)
at TestClass.AddProdcutPageTest.SelectSofAcrobatReaderValidation(AddProdcutPageTest.java:259)
at java.base/jdk.internal.reflect.NativeMethodAccessorImpl.invoke0(Native Method)
at java.base/jdk.internal.reflect.NativeMethodAccessorImpl.invoke(NativeMethodAccessorImpl.java:62)
at java.base/jdk.internal.reflect.DelegatingMethodAccessorImpl.invoke(DelegatingMethodAccessorImpl.java:43)
at java.base/java.lang.reflect.Method.invoke(Method.java:564)
at org.testng.internal.MethodInvocationHelper.invokeMethod(MethodInvocationHelper.java:133)
at org.testng.internal.TestInvoker.invokeMethod(TestInvoker.java:598)
at org.testng.internal.TestInvoker.invokeTestMethod(TestInvoker.java:173)
at org.testng.internal.MethodRunner.runInSequence(MethodRunner.java:46)
at org.testng.internal.TestInvoker$MethodInvocationAgent.invoke(TestInvoker.java:824)
at org.testng.internal.TestInvoker.invokeTestMethods(TestInvoker.java:146)
at org.testng.internal.TestMethodWorker.invokeTestMethods(TestMethodWorker.java:146)
at org.testng.internal.TestMethodWorker.run(TestMethodWorker.java:128)
at java.base/java.util.ArrayList.forEach(ArrayList.java:1511)
at org.testng.TestRunner.privateRun(TestRunner.java:794)
at org.testng.TestRunner.run(TestRunner.java:596)
at org.testng.SuiteRunner.runTest(SuiteRunner.java:377)
at org.testng.SuiteRunner.runSequentially(SuiteRunner.java:371)
at org.testng.SuiteRunner.privateRun(SuiteRunner.java:332)
at org.testng.SuiteRunner.run(SuiteRunner.java:276)
at org.testng.SuiteRunnerWorker.runSuite(SuiteRunnerWorker.java:53)
at org.testng.SuiteRunnerWorker.run(SuiteRunnerWorker.java:96)
at org.testng.TestNG.runSuitesSequentially(TestNG.java:1212)
at org.testng.TestNG.runSuitesLocally(TestNG.java:1134)
at org.testng.TestNG.runSuites(TestNG.java:1063)
at org.testng.TestNG.run(TestNG.java:1031)
at org.testng.remote.AbstractRemoteTestNG.run(AbstractRemoteTestNG.java:115)
at org.testng.remote.RemoteTestNG.initAndRun(RemoteTestNG.java:251)
at org.testng.remote.RemoteTestNG.main(RemoteTestNG.java:77)
]]>
    </failure>
  </testcase> <!-- SelectSofAcrobatReaderValidation -->
  <system-out/>
  <testcase classname="TestClass.AddProdcutPageTest" name="AddToCartValidation" time="18.289"/>
  <system-out/>
  <testcase classname="TestClass.AddProdcutPageTest" name="SelectHDD320GBValidation" time="14.637"/>
  <system-out/>
  <testcase classname="TestClass.AddProdcutPageTest" name="EnterTheQuantity" time="27.879"/>
  <system-out/>
  <testcase classname="TestClass.AddProdcutPageTest" name="SelectSofTotalComanderValidation" time="13.718"/>
  <system-out/>
  <testcase classname="TestClass.AddProdcutPageTest" name="SelectProce22GHzValidation" time="11.465">
    <failure message="expected [$1,315.00] but found [$1,300.00]" type="java.lang.AssertionError">
      <![CDATA[java.lang.AssertionError: expected [$1,315.00] but found [$1,300.00]
at org.testng.Assert.fail(Assert.java:99)
at org.testng.Assert.failNotEquals(Assert.java:1037)
at org.testng.Assert.assertEqualsImpl(Assert.java:140)
at org.testng.Assert.assertEquals(Assert.java:122)
at org.testng.Assert.assertEquals(Assert.java:629)
at org.testng.Assert.assertEquals(Assert.java:639)
at TestClass.AddProdcutPageTest.SelectProce22GHzValidation(AddProdcutPageTest.java:63)
at java.base/jdk.internal.reflect.NativeMethodAccessorImpl.invoke0(Native Method)
at java.base/jdk.internal.reflect.NativeMethodAccessorImpl.invoke(NativeMethodAccessorImpl.java:62)
at java.base/jdk.internal.reflect.DelegatingMethodAccessorImpl.invoke(DelegatingMethodAccessorImpl.java:43)
at java.base/java.lang.reflect.Method.invoke(Method.java:564)
at org.testng.internal.MethodInvocationHelper.invokeMethod(MethodInvocationHelper.java:133)
at org.testng.internal.TestInvoker.invokeMethod(TestInvoker.java:598)
at org.testng.internal.TestInvoker.invokeTestMethod(TestInvoker.java:173)
at org.testng.internal.MethodRunner.runInSequence(MethodRunner.java:46)
at org.testng.internal.TestInvoker$MethodInvocationAgent.invoke(TestInvoker.java:824)
at org.testng.internal.TestInvoker.invokeTestMethods(TestInvoker.java:146)
at org.testng.internal.TestMethodWorker.invokeTestMethods(TestMethodWorker.java:146)
at org.testng.internal.TestMethodWorker.run(TestMethodWorker.java:128)
at java.base/java.util.ArrayList.forEach(ArrayList.java:1511)
at org.testng.TestRunner.privateRun(TestRunner.java:794)
at org.testng.TestRunner.run(TestRunner.java:596)
at org.testng.SuiteRunner.runTest(SuiteRunner.java:377)
at org.testng.SuiteRunner.runSequentially(SuiteRunner.java:371)
at org.testng.SuiteRunner.privateRun(SuiteRunner.java:332)
at org.testng.SuiteRunner.run(SuiteRunner.java:276)
at org.testng.SuiteRunnerWorker.runSuite(SuiteRunnerWorker.java:53)
at org.testng.SuiteRunnerWorker.run(SuiteRunnerWorker.java:96)
at org.testng.TestNG.runSuitesSequentially(TestNG.java:1212)
at org.testng.TestNG.runSuitesLocally(TestNG.java:1134)
at org.testng.TestNG.runSuites(TestNG.java:1063)
at org.testng.TestNG.run(TestNG.java:1031)
at org.testng.remote.AbstractRemoteTestNG.run(AbstractRemoteTestNG.java:115)
at org.testng.remote.RemoteTestNG.initAndRun(RemoteTestNG.java:251)
at org.testng.remote.RemoteTestNG.main(RemoteTestNG.java:77)
]]>
    </failure>
  </testcase> <!-- SelectProce22GHzValidation -->
  <system-out/>
  <testcase classname="TestClass.AddProdcutPageTest" name="SelectRam8GBValidation" time="11.207"/>
  <system-out/>
</testsuite> <!-- TestClass.AddProdcutPageTest -->
