<?xml version="1.0" encoding="UTF-8"?>
<!-- Generated by org.testng.reporters.JUnitReportReporter -->
<testsuite hostname="DESKTOP-B371L1B" failures="0" tests="22" name="TestClass.checkOutPageTest" time="55.385" errors="1" timestamp="2024-05-18T16:50:00 IST" skipped="21">
  <testcase classname="TestClass.checkOutPageTest" name="openWebsite" time="55.385">
    <error message="no such element: Unable to locate element: {&quot;method&quot;:&quot;xpath&quot;,&quot;selector&quot;:&quot;(//select[@id=&#039;checkout_attribute_1&#039;])[1]&quot;}
  (Session info: chrome=125.0.6422.61)
For documentation on this error, please visit: https://www.seleniumhq.org/exceptions/no_such_element.html
Build info: version: &#039;3.141.59&#039;, revision: &#039;e82be7d358&#039;, time: &#039;2018-11-14T08:17:03&#039;
System info: host: &#039;DESKTOP-B371L1B&#039;, ip: &#039;192.168.245.2&#039;, os.name: &#039;Windows 10&#039;, os.arch: &#039;amd64&#039;, os.version: &#039;10.0&#039;, java.version: &#039;14.0.2&#039;
Driver info: org.openqa.selenium.chrome.ChromeDriver
Capabilities {acceptInsecureCerts: false, browserName: chrome, browserVersion: 125.0.6422.61, chrome: {chromedriverVersion: 124.0.6367.201 (46cf136d27d..., userDataDir: C:\Users\zaibu\AppData\Loca...}, fedcm:accounts: true, goog:chromeOptions: {debuggerAddress: localhost:61256}, javascriptEnabled: true, networkConnectionEnabled: false, pageLoadStrategy: normal, platform: WINDOWS, platformName: WINDOWS, proxy: Proxy(), setWindowRect: true, strictFileInteractability: false, timeouts: {implicit: 0, pageLoad: 300000, script: 30000}, unhandledPromptBehavior: dismiss and notify, webauthn:extension:credBlob: true, webauthn:extension:largeBlob: true, webauthn:extension:minPinLength: true, webauthn:extension:prf: true, webauthn:virtualAuthenticators: true}
Session ID: d6e70ccedb155d8d831cc50bd3020433
*** Element info: {Using=xpath, value=(//select[@id=&#039;checkout_attribute_1&#039;])[1]}" type="org.openqa.selenium.NoSuchElementException">
      <![CDATA[org.openqa.selenium.NoSuchElementException: no such element: Unable to locate element: {"method":"xpath","selector":"(//select[@id='checkout_attribute_1'])[1]"}
  (Session info: chrome=125.0.6422.61)
For documentation on this error, please visit: https://www.seleniumhq.org/exceptions/no_such_element.html
Build info: version: '3.141.59', revision: 'e82be7d358', time: '2018-11-14T08:17:03'
System info: host: 'DESKTOP-B371L1B', ip: '192.168.245.2', os.name: 'Windows 10', os.arch: 'amd64', os.version: '10.0', java.version: '14.0.2'
Driver info: org.openqa.selenium.chrome.ChromeDriver
Capabilities {acceptInsecureCerts: false, browserName: chrome, browserVersion: 125.0.6422.61, chrome: {chromedriverVersion: 124.0.6367.201 (46cf136d27d..., userDataDir: C:\Users\zaibu\AppData\Loca...}, fedcm:accounts: true, goog:chromeOptions: {debuggerAddress: localhost:61256}, javascriptEnabled: true, networkConnectionEnabled: false, pageLoadStrategy: normal, platform: WINDOWS, platformName: WINDOWS, proxy: Proxy(), setWindowRect: true, strictFileInteractability: false, timeouts: {implicit: 0, pageLoad: 300000, script: 30000}, unhandledPromptBehavior: dismiss and notify, webauthn:extension:credBlob: true, webauthn:extension:largeBlob: true, webauthn:extension:minPinLength: true, webauthn:extension:prf: true, webauthn:virtualAuthenticators: true}
Session ID: d6e70ccedb155d8d831cc50bd3020433
*** Element info: {Using=xpath, value=(//select[@id='checkout_attribute_1'])[1]}
at java.base/jdk.internal.reflect.NativeConstructorAccessorImpl.newInstance0(Native Method)
at java.base/jdk.internal.reflect.NativeConstructorAccessorImpl.newInstance(NativeConstructorAccessorImpl.java:62)
at java.base/jdk.internal.reflect.DelegatingConstructorAccessorImpl.newInstance(DelegatingConstructorAccessorImpl.java:45)
at java.base/java.lang.reflect.Constructor.newInstanceWithCaller(Constructor.java:500)
at java.base/java.lang.reflect.Constructor.newInstance(Constructor.java:481)
at org.openqa.selenium.remote.http.W3CHttpResponseCodec.createException(W3CHttpResponseCodec.java:187)
at org.openqa.selenium.remote.http.W3CHttpResponseCodec.decode(W3CHttpResponseCodec.java:122)
at org.openqa.selenium.remote.http.W3CHttpResponseCodec.decode(W3CHttpResponseCodec.java:49)
at org.openqa.selenium.remote.HttpCommandExecutor.execute(HttpCommandExecutor.java:158)
at org.openqa.selenium.remote.service.DriverCommandExecutor.execute(DriverCommandExecutor.java:83)
at org.openqa.selenium.remote.RemoteWebDriver.execute(RemoteWebDriver.java:552)
at org.openqa.selenium.remote.RemoteWebDriver.findElement(RemoteWebDriver.java:323)
at org.openqa.selenium.remote.RemoteWebDriver.findElementByXPath(RemoteWebDriver.java:428)
at org.openqa.selenium.By$ByXPath.findElement(By.java:353)
at org.openqa.selenium.remote.RemoteWebDriver.findElement(RemoteWebDriver.java:315)
at org.openqa.selenium.support.pagefactory.DefaultElementLocator.findElement(DefaultElementLocator.java:69)
at org.openqa.selenium.support.pagefactory.internal.LocatingElementHandler.invoke(LocatingElementHandler.java:38)
at com.sun.proxy.$Proxy17.getWrappedElement(Unknown Source)
at org.openqa.selenium.remote.internal.WebElementToJsonConverter.apply(WebElementToJsonConverter.java:50)
at java.base/java.util.stream.ReferencePipeline$3$1.accept(ReferencePipeline.java:195)
at java.base/java.util.Spliterators$ArraySpliterator.forEachRemaining(Spliterators.java:948)
at java.base/java.util.stream.AbstractPipeline.copyInto(AbstractPipeline.java:484)
at java.base/java.util.stream.AbstractPipeline.wrapAndCopyInto(AbstractPipeline.java:474)
at java.base/java.util.stream.ReduceOps$ReduceOp.evaluateSequential(ReduceOps.java:913)
at java.base/java.util.stream.AbstractPipeline.evaluate(AbstractPipeline.java:234)
at java.base/java.util.stream.ReferencePipeline.collect(ReferencePipeline.java:578)
at org.openqa.selenium.remote.RemoteWebDriver.executeScript(RemoteWebDriver.java:484)
at com.actionDriver.Action.scrollElement(Action.java:29)
at TestClass.checkOutPageTest.openWebsite(checkOutPageTest.java:62)
at java.base/jdk.internal.reflect.NativeMethodAccessorImpl.invoke0(Native Method)
at java.base/jdk.internal.reflect.NativeMethodAccessorImpl.invoke(NativeMethodAccessorImpl.java:62)
at java.base/jdk.internal.reflect.DelegatingMethodAccessorImpl.invoke(DelegatingMethodAccessorImpl.java:43)
at java.base/java.lang.reflect.Method.invoke(Method.java:564)
at org.testng.internal.MethodInvocationHelper.invokeMethod(MethodInvocationHelper.java:133)
at org.testng.internal.MethodInvocationHelper.invokeMethodConsideringTimeout(MethodInvocationHelper.java:62)
at org.testng.internal.ConfigInvoker.invokeConfigurationMethod(ConfigInvoker.java:385)
at org.testng.internal.ConfigInvoker.invokeConfigurations(ConfigInvoker.java:321)
at org.testng.internal.TestMethodWorker.invokeBeforeClassMethods(TestMethodWorker.java:176)
at org.testng.internal.TestMethodWorker.run(TestMethodWorker.java:122)
at java.base/java.util.ArrayList.forEach(ArrayList.java:1511)
at org.testng.TestRunner.privateRun(TestRunner.java:794)
at org.testng.TestRunner.run(TestRunner.java:596)
at org.testng.SuiteRunner.runTest(SuiteRunner.java:377)
at org.testng.SuiteRunner.runSequentially(SuiteRunner.java:371)
at org.testng.SuiteRunner.privateRun(SuiteRunner.java:332)
at org.testng.SuiteRunner.run(SuiteRunner.java:276)
at org.testng.SuiteRunnerWorker.runSuite(SuiteRunnerWorker.java:53)
at org.testng.SuiteRunnerWorker.run(SuiteRunnerWorker.java:96)
at org.testng.TestNG.runSuitesSequentially(TestNG.java:1212)
at org.testng.TestNG.runSuitesLocally(TestNG.java:1134)
at org.testng.TestNG.runSuites(TestNG.java:1063)
at org.testng.TestNG.run(TestNG.java:1031)
at org.testng.remote.AbstractRemoteTestNG.run(AbstractRemoteTestNG.java:115)
at org.testng.remote.RemoteTestNG.initAndRun(RemoteTestNG.java:251)
at org.testng.remote.RemoteTestNG.main(RemoteTestNG.java:77)
]]>
    </error>
  </testcase> <!-- openWebsite -->
  <system-out/>
  <testcase classname="TestClass.checkOutPageTest" name="RegTest" time="0.000">
    <skipped/>
  </testcase> <!-- RegTest -->
  <system-out/>
  <testcase classname="TestClass.checkOutPageTest" name="RegTest" time="0.000">
    <skipped/>
  </testcase> <!-- RegTest -->
  <system-out/>
  <testcase classname="TestClass.checkOutPageTest" name="ShipByLandTran" time="0.000">
    <skipped/>
  </testcase> <!-- ShipByLandTran -->
  <system-out/>
  <testcase classname="TestClass.checkOutPageTest" name="TheOneDayAirShipping" time="0.000">
    <skipped/>
  </testcase> <!-- TheOneDayAirShipping -->
  <system-out/>
  <testcase classname="TestClass.checkOutPageTest" name="TheTwoDayAirShipping" time="0.000">
    <skipped/>
  </testcase> <!-- TheTwoDayAirShipping -->
  <system-out/>
  <testcase classname="TestClass.checkOutPageTest" name="ContinueShipMethod" time="0.000">
    <skipped/>
  </testcase> <!-- ContinueShipMethod -->
  <system-out/>
  <testcase classname="TestClass.checkOutPageTest" name="payByMonyOrder" time="0.000">
    <skipped/>
  </testcase> <!-- payByMonyOrder -->
  <system-out/>
  <testcase classname="TestClass.checkOutPageTest" name="payByCreditOrDebit" time="0.000">
    <skipped/>
  </testcase> <!-- payByCreditOrDebit -->
  <system-out/>
  <testcase classname="TestClass.checkOutPageTest" name="clickOnPayMethodContinue" time="0.000">
    <skipped/>
  </testcase> <!-- clickOnPayMethodContinue -->
  <system-out/>
  <testcase classname="TestClass.checkOutPageTest" name="paymentInformVerifyStateAddress" time="0.000">
    <skipped/>
  </testcase> <!-- paymentInformVerifyStateAddress -->
  <system-out/>
  <testcase classname="TestClass.checkOutPageTest" name="paymentInformVerifyCity" time="0.000">
    <skipped/>
  </testcase> <!-- paymentInformVerifyCity -->
  <system-out/>
  <testcase classname="TestClass.checkOutPageTest" name="ClickOnContinuePaymentInform" time="0.000">
    <skipped/>
  </testcase> <!-- ClickOnContinuePaymentInform -->
  <system-out/>
  <testcase classname="TestClass.checkOutPageTest" name="VerifyConfirmOrderBackBtn" time="0.000">
    <skipped/>
  </testcase> <!-- VerifyConfirmOrderBackBtn -->
  <system-out/>
  <testcase classname="TestClass.checkOutPageTest" name="VerifyBillingAdress" time="0.000">
    <skipped/>
  </testcase> <!-- VerifyBillingAdress -->
  <system-out/>
  <testcase classname="TestClass.checkOutPageTest" name="VerifyShippingAdress" time="0.000">
    <skipped/>
  </testcase> <!-- VerifyShippingAdress -->
  <system-out/>
  <testcase classname="TestClass.checkOutPageTest" name="VerifyTheUnitPrice" time="0.000">
    <skipped/>
  </testcase> <!-- VerifyTheUnitPrice -->
  <system-out/>
  <testcase classname="TestClass.checkOutPageTest" name="VerrifyTheQuntity" time="0.000">
    <skipped/>
  </testcase> <!-- VerrifyTheQuntity -->
  <system-out/>
  <testcase classname="TestClass.checkOutPageTest" name="VerifyTheTotalPriceInTable" time="0.000">
    <skipped/>
  </testcase> <!-- VerifyTheTotalPriceInTable -->
  <system-out/>
  <testcase classname="TestClass.checkOutPageTest" name="VerifyTheTotalPriceInSlip" time="0.000">
    <skipped/>
  </testcase> <!-- VerifyTheTotalPriceInSlip -->
  <system-out/>
  <testcase classname="TestClass.checkOutPageTest" name="ClickOnConfirmBtn" time="0.000">
    <skipped/>
  </testcase> <!-- ClickOnConfirmBtn -->
  <system-out/>
  <testcase classname="TestClass.checkOutPageTest" name="ClickOnContinue" time="0.000">
    <skipped/>
  </testcase> <!-- ClickOnContinue -->
  <system-out/>
</testsuite> <!-- TestClass.checkOutPageTest -->
